Analysis & Synthesis report for scomp
Thu Oct 10 01:37:00 2013
Quartus II Version 9.1 Build 350 03/24/2010 Service Pack 2 SJ Web Edition


---------------------
; Table of Contents ;
---------------------
  1. Legal Notice
  2. Analysis & Synthesis Summary
  3. Analysis & Synthesis Settings
  4. Parallel Compilation
  5. Analysis & Synthesis Source Files Read
  6. Analysis & Synthesis Resource Usage Summary
  7. Analysis & Synthesis Resource Utilization by Entity
  8. Analysis & Synthesis RAM Summary
  9. State Machine - |SCOMP|STATE
 10. General Register Statistics
 11. Multiplexer Restructuring Statistics (Restructuring Performed)
 12. Source assignments for altsyncram:MEMORY|altsyncram_o6t3:auto_generated
 13. Parameter Settings for User Entity Instance: altsyncram:MEMORY
 14. altsyncram Parameter Settings by Entity Instance
 15. Analysis & Synthesis Messages



----------------
; Legal Notice ;
----------------
Copyright (C) 1991-2010 Altera Corporation
Your use of Altera Corporation's design tools, logic functions 
and other software and tools, and its AMPP partner logic 
functions, and any output files from any of the foregoing 
(including device programming or simulation files), and any 
associated documentation or information are expressly subject 
to the terms and conditions of the Altera Program License 
Subscription Agreement, Altera MegaCore Function License 
Agreement, or other applicable license agreement, including, 
without limitation, that your use is for the sole purpose of 
programming logic devices manufactured by Altera and sold by 
Altera or its authorized distributors.  Please refer to the 
applicable agreement for further details.



+-----------------------------------------------------------------------------------+
; Analysis & Synthesis Summary                                                      ;
+------------------------------------+----------------------------------------------+
; Analysis & Synthesis Status        ; Successful - Thu Oct 10 01:37:00 2013        ;
; Quartus II Version                 ; 9.1 Build 350 03/24/2010 SP 2 SJ Web Edition ;
; Revision Name                      ; scomp                                        ;
; Top-level Entity Name              ; SCOMP                                        ;
; Family                             ; Cyclone II                                   ;
; Total logic elements               ; 115                                          ;
;     Total combinational functions  ; 96                                           ;
;     Dedicated logic registers      ; 52                                           ;
; Total registers                    ; 52                                           ;
; Total pins                         ; 80                                           ;
; Total virtual pins                 ; 0                                            ;
; Total memory bits                  ; 16,384                                       ;
; Embedded Multiplier 9-bit elements ; 0                                            ;
; Total PLLs                         ; 0                                            ;
+------------------------------------+----------------------------------------------+


+----------------------------------------------------------------------------------------------------------------------+
; Analysis & Synthesis Settings                                                                                        ;
+----------------------------------------------------------------------------+--------------------+--------------------+
; Option                                                                     ; Setting            ; Default Value      ;
+----------------------------------------------------------------------------+--------------------+--------------------+
; Device                                                                     ; EP2C35F672C6       ;                    ;
; Top-level entity name                                                      ; scomp              ; scomp              ;
; Family name                                                                ; Cyclone II         ; Stratix II         ;
; Use smart compilation                                                      ; Off                ; Off                ;
; Enable parallel Assembler and TimeQuest Timing Analyzer during compilation ; On                 ; On                 ;
; Enable compact report table                                                ; Off                ; Off                ;
; Restructure Multiplexers                                                   ; Auto               ; Auto               ;
; Create Debugging Nodes for IP Cores                                        ; Off                ; Off                ;
; Preserve fewer node names                                                  ; On                 ; On                 ;
; Disable OpenCore Plus hardware evaluation                                  ; Off                ; Off                ;
; Verilog Version                                                            ; Verilog_2001       ; Verilog_2001       ;
; VHDL Version                                                               ; VHDL_1993          ; VHDL_1993          ;
; State Machine Processing                                                   ; Auto               ; Auto               ;
; Safe State Machine                                                         ; Off                ; Off                ;
; Extract Verilog State Machines                                             ; On                 ; On                 ;
; Extract VHDL State Machines                                                ; On                 ; On                 ;
; Ignore Verilog initial constructs                                          ; Off                ; Off                ;
; Iteration limit for constant Verilog loops                                 ; 5000               ; 5000               ;
; Iteration limit for non-constant Verilog loops                             ; 250                ; 250                ;
; Add Pass-Through Logic to Inferred RAMs                                    ; On                 ; On                 ;
; Parallel Synthesis                                                         ; Off                ; Off                ;
; DSP Block Balancing                                                        ; Auto               ; Auto               ;
; NOT Gate Push-Back                                                         ; On                 ; On                 ;
; Power-Up Don't Care                                                        ; On                 ; On                 ;
; Remove Redundant Logic Cells                                               ; Off                ; Off                ;
; Remove Duplicate Registers                                                 ; On                 ; On                 ;
; Ignore CARRY Buffers                                                       ; Off                ; Off                ;
; Ignore CASCADE Buffers                                                     ; Off                ; Off                ;
; Ignore GLOBAL Buffers                                                      ; Off                ; Off                ;
; Ignore ROW GLOBAL Buffers                                                  ; Off                ; Off                ;
; Ignore LCELL Buffers                                                       ; Off                ; Off                ;
; Ignore SOFT Buffers                                                        ; On                 ; On                 ;
; Limit AHDL Integers to 32 Bits                                             ; Off                ; Off                ;
; Optimization Technique                                                     ; Balanced           ; Balanced           ;
; Carry Chain Length                                                         ; 70                 ; 70                 ;
; Auto Carry Chains                                                          ; On                 ; On                 ;
; Auto Open-Drain Pins                                                       ; On                 ; On                 ;
; Perform WYSIWYG Primitive Resynthesis                                      ; Off                ; Off                ;
; Auto ROM Replacement                                                       ; On                 ; On                 ;
; Auto RAM Replacement                                                       ; On                 ; On                 ;
; Auto Shift Register Replacement                                            ; Auto               ; Auto               ;
; Auto Clock Enable Replacement                                              ; On                 ; On                 ;
; Strict RAM Replacement                                                     ; Off                ; Off                ;
; Allow Synchronous Control Signals                                          ; On                 ; On                 ;
; Force Use of Synchronous Clear Signals                                     ; Off                ; Off                ;
; Auto RAM to Logic Cell Conversion                                          ; Off                ; Off                ;
; Auto Resource Sharing                                                      ; Off                ; Off                ;
; Allow Any RAM Size For Recognition                                         ; Off                ; Off                ;
; Allow Any ROM Size For Recognition                                         ; Off                ; Off                ;
; Allow Any Shift Register Size For Recognition                              ; Off                ; Off                ;
; Use LogicLock Constraints during Resource Balancing                        ; On                 ; On                 ;
; Ignore translate_off and synthesis_off directives                          ; Off                ; Off                ;
; Timing-Driven Synthesis                                                    ; Off                ; Off                ;
; Show Parameter Settings Tables in Synthesis Report                         ; On                 ; On                 ;
; Ignore Maximum Fan-Out Assignments                                         ; Off                ; Off                ;
; Synchronization Register Chain Length                                      ; 2                  ; 2                  ;
; PowerPlay Power Optimization                                               ; Normal compilation ; Normal compilation ;
; HDL message level                                                          ; Level2             ; Level2             ;
; Suppress Register Optimization Related Messages                            ; Off                ; Off                ;
; Number of Removed Registers Reported in Synthesis Report                   ; 5000               ; 5000               ;
; Number of Inverted Registers Reported in Synthesis Report                  ; 100                ; 100                ;
; Clock MUX Protection                                                       ; On                 ; On                 ;
; Auto Gated Clock Conversion                                                ; Off                ; Off                ;
; Block Design Naming                                                        ; Auto               ; Auto               ;
; SDC constraint protection                                                  ; Off                ; Off                ;
; Synthesis Effort                                                           ; Auto               ; Auto               ;
; Shift Register Replacement - Allow Asynchronous Clear Signal               ; On                 ; On                 ;
; Analysis & Synthesis Message Level                                         ; Medium             ; Medium             ;
; Disable Register Merging Across Hierarchies                                ; Auto               ; Auto               ;
; Resource Aware Inference For Block RAM                                     ; On                 ; On                 ;
+----------------------------------------------------------------------------+--------------------+--------------------+


Parallel compilation was disabled, but you have multiple processors available. Enable parallel compilation to reduce compilation time.
+-------------------------------------+
; Parallel Compilation                ;
+----------------------------+--------+
; Processors                 ; Number ;
+----------------------------+--------+
; Number detected on machine ; 6      ;
; Maximum allowed            ; 1      ;
+----------------------------+--------+


+----------------------------------------------------------------------------------------------------------------------------------------------------------------------------+
; Analysis & Synthesis Source Files Read                                                                                                                                     ;
+----------------------------------+-----------------+----------------------------------------+------------------------------------------------------------------------------+
; File Name with User-Entered Path ; Used in Netlist ; File Type                              ; File Name with Absolute Path                                                 ;
+----------------------------------+-----------------+----------------------------------------+------------------------------------------------------------------------------+
; scomp.vhd                        ; yes             ; User VHDL File                         ; C:/Users/James Liu/Documents/Schoolwork/ECE 2031/lab7/scomp.vhd              ;
; altsyncram.tdf                   ; yes             ; Megafunction                           ; c:/altera/91sp2/quartus/libraries/megafunctions/altsyncram.tdf               ;
; db/altsyncram_o6t3.tdf           ; yes             ; Auto-Generated Megafunction            ; C:/Users/James Liu/Documents/Schoolwork/ECE 2031/lab7/db/altsyncram_o6t3.tdf ;
; example.mif                      ; yes             ; Auto-Found Memory Initialization File  ; C:/Users/James Liu/Documents/Schoolwork/ECE 2031/lab7/example.mif            ;
+----------------------------------+-----------------+----------------------------------------+------------------------------------------------------------------------------+


+-----------------------------------------------------+
; Analysis & Synthesis Resource Usage Summary         ;
+---------------------------------------------+-------+
; Resource                                    ; Usage ;
+---------------------------------------------+-------+
; Estimated Total logic elements              ; 115   ;
;                                             ;       ;
; Total combinational functions               ; 96    ;
; Logic element usage by number of LUT inputs ;       ;
;     -- 4 input functions                    ; 52    ;
;     -- 3 input functions                    ; 31    ;
;     -- <=2 input functions                  ; 13    ;
;                                             ;       ;
; Logic elements by mode                      ;       ;
;     -- normal mode                          ; 72    ;
;     -- arithmetic mode                      ; 24    ;
;                                             ;       ;
; Total registers                             ; 52    ;
;     -- Dedicated logic registers            ; 52    ;
;     -- I/O registers                        ; 0     ;
;                                             ;       ;
; I/O pins                                    ; 80    ;
; Total memory bits                           ; 16384 ;
; Maximum fan-out node                        ; CLOCK ;
; Maximum fan-out                             ; 68    ;
; Total fan-out                               ; 748   ;
; Average fan-out                             ; 3.07  ;
+---------------------------------------------+-------+


+-----------------------------------------------------------------------------------------------------------------------------------------------------------------------------------------------------------------------------+
; Analysis & Synthesis Resource Utilization by Entity                                                                                                                                                                         ;
+----------------------------------------+-------------------+--------------+-------------+--------------+---------+-----------+------+--------------+---------------------------------------------------------+--------------+
; Compilation Hierarchy Node             ; LC Combinationals ; LC Registers ; Memory Bits ; DSP Elements ; DSP 9x9 ; DSP 18x18 ; Pins ; Virtual Pins ; Full Hierarchy Name                                     ; Library Name ;
+----------------------------------------+-------------------+--------------+-------------+--------------+---------+-----------+------+--------------+---------------------------------------------------------+--------------+
; |SCOMP                                 ; 96 (96)           ; 52 (52)      ; 16384       ; 0            ; 0       ; 0         ; 80   ; 0            ; |SCOMP                                                  ; work         ;
;    |altsyncram:MEMORY|                 ; 0 (0)             ; 0 (0)        ; 16384       ; 0            ; 0       ; 0         ; 0    ; 0            ; |SCOMP|altsyncram:MEMORY                                ;              ;
;       |altsyncram_o6t3:auto_generated| ; 0 (0)             ; 0 (0)        ; 16384       ; 0            ; 0       ; 0         ; 0    ; 0            ; |SCOMP|altsyncram:MEMORY|altsyncram_o6t3:auto_generated ; work         ;
+----------------------------------------+-------------------+--------------+-------------+--------------+---------+-----------+------+--------------+---------------------------------------------------------+--------------+
Note: For table entries with two numbers listed, the numbers in parentheses indicate the number of resources of the given type used by the specific entity alone. The numbers listed outside of parentheses indicate the total resources of the given type used by the specific entity and all of its sub-entities in the hierarchy.


+--------------------------------------------------------------------------------------------------------------------------------------------------------------------+
; Analysis & Synthesis RAM Summary                                                                                                                                   ;
+-------------------------------------------------------------+------+-------------+--------------+--------------+--------------+--------------+-------+-------------+
; Name                                                        ; Type ; Mode        ; Port A Depth ; Port A Width ; Port B Depth ; Port B Width ; Size  ; MIF         ;
+-------------------------------------------------------------+------+-------------+--------------+--------------+--------------+--------------+-------+-------------+
; altsyncram:MEMORY|altsyncram_o6t3:auto_generated|ALTSYNCRAM ; AUTO ; Single Port ; 1024         ; 16           ; --           ; --           ; 16384 ; example.mif ;
+-------------------------------------------------------------+------+-------------+--------------+--------------+--------------+--------------+-------+-------------+


Encoding Type:  One-Hot
+----------------------------------------------------------------------------------------------------------------------------------------------------------------+
; State Machine - |SCOMP|STATE                                                                                                                                   ;
+-----------------+--------------+---------------+--------------+-----------------+----------------+---------------+--------------+-------------+----------------+
; Name            ; STATE.EX_AND ; STATE.EX_JUMP ; STATE.EX_ADD ; STATE.EX_STORE2 ; STATE.EX_STORE ; STATE.EX_LOAD ; STATE.DECODE ; STATE.FETCH ; STATE.RESET_PC ;
+-----------------+--------------+---------------+--------------+-----------------+----------------+---------------+--------------+-------------+----------------+
; STATE.RESET_PC  ; 0            ; 0             ; 0            ; 0               ; 0              ; 0             ; 0            ; 0           ; 0              ;
; STATE.FETCH     ; 0            ; 0             ; 0            ; 0               ; 0              ; 0             ; 0            ; 1           ; 1              ;
; STATE.DECODE    ; 0            ; 0             ; 0            ; 0               ; 0              ; 0             ; 1            ; 0           ; 1              ;
; STATE.EX_LOAD   ; 0            ; 0             ; 0            ; 0               ; 0              ; 1             ; 0            ; 0           ; 1              ;
; STATE.EX_STORE  ; 0            ; 0             ; 0            ; 0               ; 1              ; 0             ; 0            ; 0           ; 1              ;
; STATE.EX_STORE2 ; 0            ; 0             ; 0            ; 1               ; 0              ; 0             ; 0            ; 0           ; 1              ;
; STATE.EX_ADD    ; 0            ; 0             ; 1            ; 0               ; 0              ; 0             ; 0            ; 0           ; 1              ;
; STATE.EX_JUMP   ; 0            ; 1             ; 0            ; 0               ; 0              ; 0             ; 0            ; 0           ; 1              ;
; STATE.EX_AND    ; 1            ; 0             ; 0            ; 0               ; 0              ; 0             ; 0            ; 0           ; 1              ;
+-----------------+--------------+---------------+--------------+-----------------+----------------+---------------+--------------+-------------+----------------+


+------------------------------------------------------+
; General Register Statistics                          ;
+----------------------------------------------+-------+
; Statistic                                    ; Value ;
+----------------------------------------------+-------+
; Total registers                              ; 52    ;
; Number of registers using Synchronous Clear  ; 0     ;
; Number of registers using Synchronous Load   ; 0     ;
; Number of registers using Asynchronous Clear ; 9     ;
; Number of registers using Asynchronous Load  ; 0     ;
; Number of registers using Clock Enable       ; 42    ;
; Number of registers using Preset             ; 0     ;
+----------------------------------------------+-------+


+------------------------------------------------------------------------------------------------------------------------------------------+
; Multiplexer Restructuring Statistics (Restructuring Performed)                                                                           ;
+--------------------+-----------+---------------+----------------------+------------------------+------------+----------------------------+
; Multiplexer Inputs ; Bus Width ; Baseline Area ; Area if Restructured ; Saving if Restructured ; Registered ; Example Multiplexer Output ;
+--------------------+-----------+---------------+----------------------+------------------------+------------+----------------------------+
; 4:1                ; 10 bits   ; 20 LEs        ; 20 LEs               ; 0 LEs                  ; Yes        ; |SCOMP|PC[5]               ;
; 5:1                ; 16 bits   ; 48 LEs        ; 32 LEs               ; 16 LEs                 ; Yes        ; |SCOMP|AC[5]               ;
+--------------------+-----------+---------------+----------------------+------------------------+------------+----------------------------+


+-------------------------------------------------------------------------+
; Source assignments for altsyncram:MEMORY|altsyncram_o6t3:auto_generated ;
+---------------------------------+--------------------+------+-----------+
; Assignment                      ; Value              ; From ; To        ;
+---------------------------------+--------------------+------+-----------+
; OPTIMIZE_POWER_DURING_SYNTHESIS ; NORMAL_COMPILATION ; -    ; -         ;
+---------------------------------+--------------------+------+-----------+


+----------------------------------------------------------------------------+
; Parameter Settings for User Entity Instance: altsyncram:MEMORY             ;
+------------------------------------+----------------------+----------------+
; Parameter Name                     ; Value                ; Type           ;
+------------------------------------+----------------------+----------------+
; BYTE_SIZE_BLOCK                    ; 8                    ; Untyped        ;
; AUTO_CARRY_CHAINS                  ; ON                   ; AUTO_CARRY     ;
; IGNORE_CARRY_BUFFERS               ; OFF                  ; IGNORE_CARRY   ;
; AUTO_CASCADE_CHAINS                ; ON                   ; AUTO_CASCADE   ;
; IGNORE_CASCADE_BUFFERS             ; OFF                  ; IGNORE_CASCADE ;
; WIDTH_BYTEENA                      ; 1                    ; Untyped        ;
; OPERATION_MODE                     ; SINGLE_PORT          ; Untyped        ;
; WIDTH_A                            ; 16                   ; Signed Integer ;
; WIDTHAD_A                          ; 10                   ; Signed Integer ;
; NUMWORDS_A                         ; 1024                 ; Signed Integer ;
; OUTDATA_REG_A                      ; UNREGISTERED         ; Untyped        ;
; ADDRESS_ACLR_A                     ; NONE                 ; Untyped        ;
; OUTDATA_ACLR_A                     ; NONE                 ; Untyped        ;
; WRCONTROL_ACLR_A                   ; NONE                 ; Untyped        ;
; INDATA_ACLR_A                      ; NONE                 ; Untyped        ;
; BYTEENA_ACLR_A                     ; NONE                 ; Untyped        ;
; WIDTH_B                            ; 1                    ; Signed Integer ;
; WIDTHAD_B                          ; 1                    ; Signed Integer ;
; NUMWORDS_B                         ; 0                    ; Signed Integer ;
; INDATA_REG_B                       ; CLOCK1               ; Untyped        ;
; WRCONTROL_WRADDRESS_REG_B          ; CLOCK1               ; Untyped        ;
; RDCONTROL_REG_B                    ; CLOCK1               ; Untyped        ;
; ADDRESS_REG_B                      ; CLOCK1               ; Untyped        ;
; OUTDATA_REG_B                      ; UNREGISTERED         ; Untyped        ;
; BYTEENA_REG_B                      ; CLOCK1               ; Untyped        ;
; INDATA_ACLR_B                      ; NONE                 ; Untyped        ;
; WRCONTROL_ACLR_B                   ; NONE                 ; Untyped        ;
; ADDRESS_ACLR_B                     ; NONE                 ; Untyped        ;
; OUTDATA_ACLR_B                     ; NONE                 ; Untyped        ;
; RDCONTROL_ACLR_B                   ; NONE                 ; Untyped        ;
; BYTEENA_ACLR_B                     ; NONE                 ; Untyped        ;
; WIDTH_BYTEENA_A                    ; 1                    ; Signed Integer ;
; WIDTH_BYTEENA_B                    ; 1                    ; Signed Integer ;
; RAM_BLOCK_TYPE                     ; AUTO                 ; Untyped        ;
; BYTE_SIZE                          ; 8                    ; Signed Integer ;
; READ_DURING_WRITE_MODE_MIXED_PORTS ; DONT_CARE            ; Untyped        ;
; READ_DURING_WRITE_MODE_PORT_A      ; NEW_DATA_NO_NBE_READ ; Untyped        ;
; READ_DURING_WRITE_MODE_PORT_B      ; NEW_DATA_NO_NBE_READ ; Untyped        ;
; INIT_FILE                          ; example.mif          ; Untyped        ;
; INIT_FILE_LAYOUT                   ; PORT_A               ; Untyped        ;
; MAXIMUM_DEPTH                      ; 0                    ; Signed Integer ;
; CLOCK_ENABLE_INPUT_A               ; NORMAL               ; Untyped        ;
; CLOCK_ENABLE_INPUT_B               ; NORMAL               ; Untyped        ;
; CLOCK_ENABLE_OUTPUT_A              ; NORMAL               ; Untyped        ;
; CLOCK_ENABLE_OUTPUT_B              ; NORMAL               ; Untyped        ;
; CLOCK_ENABLE_CORE_A                ; USE_INPUT_CLKEN      ; Untyped        ;
; CLOCK_ENABLE_CORE_B                ; USE_INPUT_CLKEN      ; Untyped        ;
; ENABLE_ECC                         ; FALSE                ; Untyped        ;
; DEVICE_FAMILY                      ; Cyclone II           ; Untyped        ;
; CBXI_PARAMETER                     ; altsyncram_o6t3      ; Untyped        ;
+------------------------------------+----------------------+----------------+
Note: In order to hide this table in the UI and the text report file, please set the "Show Parameter Settings Tables in Synthesis Report" option in "Analysis and Synthesis Settings -> More Settings" to "Off".


+---------------------------------------------------------------+
; altsyncram Parameter Settings by Entity Instance              ;
+-------------------------------------------+-------------------+
; Name                                      ; Value             ;
+-------------------------------------------+-------------------+
; Number of entity instances                ; 1                 ;
; Entity Instance                           ; altsyncram:MEMORY ;
;     -- OPERATION_MODE                     ; SINGLE_PORT       ;
;     -- WIDTH_A                            ; 16                ;
;     -- NUMWORDS_A                         ; 1024              ;
;     -- OUTDATA_REG_A                      ; UNREGISTERED      ;
;     -- WIDTH_B                            ; 1                 ;
;     -- NUMWORDS_B                         ; 0                 ;
;     -- ADDRESS_REG_B                      ; CLOCK1            ;
;     -- OUTDATA_REG_B                      ; UNREGISTERED      ;
;     -- RAM_BLOCK_TYPE                     ; AUTO              ;
;     -- READ_DURING_WRITE_MODE_MIXED_PORTS ; DONT_CARE         ;
+-------------------------------------------+-------------------+


+-------------------------------+
; Analysis & Synthesis Messages ;
+-------------------------------+
Info: *******************************************************************
Info: Running Quartus II Analysis & Synthesis
    Info: Version 9.1 Build 350 03/24/2010 Service Pack 2 SJ Web Edition
    Info: Processing started: Thu Oct 10 01:36:59 2013
Info: Command: quartus_map --read_settings_files=on --write_settings_files=off scomp -c scomp
Info: Found 2 design units, including 1 entities, in source file scomp.vhd
    Info: Found design unit 1: SCOMP-a
    Info: Found entity 1: SCOMP
Info: Elaborating entity "scomp" for the top level hierarchy
Info: Elaborating entity "altsyncram" for hierarchy "altsyncram:MEMORY"
Info: Elaborated megafunction instantiation "altsyncram:MEMORY"
Info: Instantiated megafunction "altsyncram:MEMORY" with the following parameter:
    Info: Parameter "address_aclr_a" = "NONE"
    Info: Parameter "address_aclr_b" = "NONE"
    Info: Parameter "address_reg_b" = "CLOCK1"
    Info: Parameter "byte_size" = "8"
    Info: Parameter "byteena_aclr_a" = "UNUSED"
    Info: Parameter "byteena_aclr_b" = "NONE"
    Info: Parameter "byteena_reg_b" = "CLOCK1"
    Info: Parameter "clock_enable_core_a" = "USE_INPUT_CLKEN"
    Info: Parameter "clock_enable_core_b" = "USE_INPUT_CLKEN"
    Info: Parameter "clock_enable_input_a" = "NORMAL"
    Info: Parameter "clock_enable_input_b" = "NORMAL"
    Info: Parameter "clock_enable_output_a" = "NORMAL"
    Info: Parameter "clock_enable_output_b" = "NORMAL"
    Info: Parameter "intended_device_family" = "Cyclone"
    Info: Parameter "enable_ecc" = "FALSE"
    Info: Parameter "implement_in_les" = "OFF"
    Info: Parameter "indata_aclr_a" = "NONE"
    Info: Parameter "indata_aclr_b" = "NONE"
    Info: Parameter "indata_reg_b" = "CLOCK1"
    Info: Parameter "init_file" = "example.mif"
    Info: Parameter "init_file_layout" = "PORT_A"
    Info: Parameter "maximum_depth" = "0"
    Info: Parameter "numwords_a" = "1024"
    Info: Parameter "numwords_b" = "0"
    Info: Parameter "operation_mode" = "SINGLE_PORT"
    Info: Parameter "outdata_aclr_a" = "NONE"
    Info: Parameter "outdata_aclr_b" = "NONE"
    Info: Parameter "outdata_reg_a" = "UNREGISTERED"
    Info: Parameter "outdata_reg_b" = "UNREGISTERED"
    Info: Parameter "power_up_uninitialized" = "FALSE"
    Info: Parameter "ram_block_type" = "AUTO"
    Info: Parameter "rdcontrol_aclr_b" = "NONE"
    Info: Parameter "rdcontrol_reg_b" = "CLOCK1"
    Info: Parameter "read_during_write_mode_mixed_ports" = "DONT_CARE"
    Info: Parameter "read_during_write_mode_port_a" = "NEW_DATA_NO_NBE_READ"
    Info: Parameter "read_during_write_mode_port_b" = "NEW_DATA_NO_NBE_READ"
    Info: Parameter "stratixiv_m144k_allow_dual_clocks" = "ON"
    Info: Parameter "width_a" = "16"
    Info: Parameter "width_b" = "1"
    Info: Parameter "width_byteena_a" = "1"
    Info: Parameter "width_byteena_b" = "1"
    Info: Parameter "widthad_a" = "10"
    Info: Parameter "widthad_b" = "1"
    Info: Parameter "wrcontrol_aclr_a" = "NONE"
    Info: Parameter "wrcontrol_aclr_b" = "NONE"
    Info: Parameter "wrcontrol_wraddress_reg_b" = "CLOCK1"
    Info: Parameter "lpm_hint" = "ENABLE_RUNTIME_MOD=NO"
    Info: Parameter "lpm_type" = "altsyncram"
Info: Found 1 design units, including 1 entities, in source file db/altsyncram_o6t3.tdf
    Info: Found entity 1: altsyncram_o6t3
Info: Elaborating entity "altsyncram_o6t3" for hierarchy "altsyncram:MEMORY|altsyncram_o6t3:auto_generated"
Warning: 9 out of 1024 addresses are reinitialized. The latest initialized data will replace the existing data. There are 9 warnings found, and 9 warnings are reported.
    Warning: Memory Initialization File address 0 is reinitialized
    Warning: Memory Initialization File address 1 is reinitialized
    Warning: Memory Initialization File address 2 is reinitialized
    Warning: Memory Initialization File address 3 is reinitialized
    Warning: Memory Initialization File address 4 is reinitialized
    Warning: Memory Initialization File address 16 is reinitialized
    Warning: Memory Initialization File address 17 is reinitialized
    Warning: Memory Initialization File address 18 is reinitialized
    Warning: Memory Initialization File address 19 is reinitialized
Warning: The following bidir pins have no drivers
    Warning: Bidir "IO_DATA[0]" has no driver
    Warning: Bidir "IO_DATA[1]" has no driver
    Warning: Bidir "IO_DATA[2]" has no driver
    Warning: Bidir "IO_DATA[3]" has no driver
    Warning: Bidir "IO_DATA[4]" has no driver
    Warning: Bidir "IO_DATA[5]" has no driver
    Warning: Bidir "IO_DATA[6]" has no driver
    Warning: Bidir "IO_DATA[7]" has no driver
    Warning: Bidir "IO_DATA[8]" has no driver
    Warning: Bidir "IO_DATA[9]" has no driver
    Warning: Bidir "IO_DATA[10]" has no driver
    Warning: Bidir "IO_DATA[11]" has no driver
    Warning: Bidir "IO_DATA[12]" has no driver
    Warning: Bidir "IO_DATA[13]" has no driver
    Warning: Bidir "IO_DATA[14]" has no driver
    Warning: Bidir "IO_DATA[15]" has no driver
Warning: Output pins are stuck at VCC or GND
    Warning (13410): Pin "IO_WRITE" is stuck at GND
    Warning (13410): Pin "IO_CYCLE" is stuck at GND
Info: Implemented 211 device resources after synthesis - the final resource count might be different
    Info: Implemented 2 input pins
    Info: Implemented 62 output pins
    Info: Implemented 16 bidirectional pins
    Info: Implemented 115 logic cells
    Info: Implemented 16 RAM segments
Info: Quartus II Analysis & Synthesis was successful. 0 errors, 30 warnings
    Info: Peak virtual memory: 255 megabytes
    Info: Processing ended: Thu Oct 10 01:37:00 2013
    Info: Elapsed time: 00:00:01
    Info: Total CPU time (on all processors): 00:00:01


