Classic Timing Analyzer report for lab4
Wed Sep 25 20:18:09 2013
Quartus II Version 9.1 Build 350 03/24/2010 Service Pack 2 SJ Web Edition


---------------------
; Table of Contents ;
---------------------
  1. Legal Notice
  2. Timing Analyzer Summary
  3. Timing Analyzer Settings
  4. Clock Settings Summary
  5. Parallel Compilation
  6. Clock Setup: 'CLOCK'
  7. tsu
  8. tco
  9. th
 10. Timing Analyzer Messages



----------------
; Legal Notice ;
----------------
Copyright (C) 1991-2010 Altera Corporation
Your use of Altera Corporation's design tools, logic functions 
and other software and tools, and its AMPP partner logic 
functions, and any output files from any of the foregoing 
(including device programming or simulation files), and any 
associated documentation or information are expressly subject 
to the terms and conditions of the Altera Program License 
Subscription Agreement, Altera MegaCore Function License 
Agreement, or other applicable license agreement, including, 
without limitation, that your use is for the sole purpose of 
programming logic devices manufactured by Altera and sold by 
Altera or its authorized distributors.  Please refer to the 
applicable agreement for further details.



+------------------------------------------------------------------------------------------------------------------------------------------------------------+
; Timing Analyzer Summary                                                                                                                                    ;
+------------------------------+-------+---------------+------------------------------------------------+------+------+------------+----------+--------------+
; Type                         ; Slack ; Required Time ; Actual Time                                    ; From ; To   ; From Clock ; To Clock ; Failed Paths ;
+------------------------------+-------+---------------+------------------------------------------------+------+------+------------+----------+--------------+
; Worst-case tsu               ; N/A   ; None          ; -0.580 ns                                      ; X[0] ; Q0   ; --         ; CLOCK    ; 0            ;
; Worst-case tco               ; N/A   ; None          ; 8.949 ns                                       ; Q0   ; Q[0] ; CLOCK      ; --       ; 0            ;
; Worst-case th                ; N/A   ; None          ; 0.877 ns                                       ; X[1] ; Q0   ; --         ; CLOCK    ; 0            ;
; Clock Setup: 'CLOCK'         ; N/A   ; None          ; Restricted to 420.17 MHz ( period = 2.380 ns ) ; Q0   ; Q0   ; CLOCK      ; CLOCK    ; 0            ;
; Total number of failed paths ;       ;               ;                                                ;      ;      ;            ;          ; 0            ;
+------------------------------+-------+---------------+------------------------------------------------+------+------+------------+----------+--------------+


+-----------------------------------------------------------------------------------------------------------------------------------------------------+
; Timing Analyzer Settings                                                                                                                            ;
+------------------------------------------------------------------------------------------------------+--------------------+------+----+-------------+
; Option                                                                                               ; Setting            ; From ; To ; Entity Name ;
+------------------------------------------------------------------------------------------------------+--------------------+------+----+-------------+
; Device Name                                                                                          ; EP2C35F672C6       ;      ;    ;             ;
; Timing Models                                                                                        ; Final              ;      ;    ;             ;
; Default hold multicycle                                                                              ; Same as Multicycle ;      ;    ;             ;
; Cut paths between unrelated clock domains                                                            ; On                 ;      ;    ;             ;
; Cut off read during write signal paths                                                               ; On                 ;      ;    ;             ;
; Cut off feedback from I/O pins                                                                       ; On                 ;      ;    ;             ;
; Report Combined Fast/Slow Timing                                                                     ; Off                ;      ;    ;             ;
; Ignore Clock Settings                                                                                ; Off                ;      ;    ;             ;
; Analyze latches as synchronous elements                                                              ; On                 ;      ;    ;             ;
; Enable Recovery/Removal analysis                                                                     ; Off                ;      ;    ;             ;
; Enable Clock Latency                                                                                 ; Off                ;      ;    ;             ;
; Use TimeQuest Timing Analyzer                                                                        ; Off                ;      ;    ;             ;
; Minimum Core Junction Temperature                                                                    ; 0                  ;      ;    ;             ;
; Maximum Core Junction Temperature                                                                    ; 85                 ;      ;    ;             ;
; Number of source nodes to report per destination node                                                ; 10                 ;      ;    ;             ;
; Number of destination nodes to report                                                                ; 10                 ;      ;    ;             ;
; Number of paths to report                                                                            ; 200                ;      ;    ;             ;
; Report Minimum Timing Checks                                                                         ; Off                ;      ;    ;             ;
; Use Fast Timing Models                                                                               ; Off                ;      ;    ;             ;
; Report IO Paths Separately                                                                           ; Off                ;      ;    ;             ;
; Perform Multicorner Analysis                                                                         ; On                 ;      ;    ;             ;
; Reports the worst-case path for each clock domain and analysis                                       ; Off                ;      ;    ;             ;
; Reports worst-case timing paths for each clock domain and analysis                                   ; On                 ;      ;    ;             ;
; Specifies the maximum number of worst-case timing paths to report for each clock domain and analysis ; 100                ;      ;    ;             ;
; Removes common clock path pessimism (CCPP) during slack computation                                  ; Off                ;      ;    ;             ;
; Output I/O Timing Endpoint                                                                           ; Near End           ;      ;    ;             ;
+------------------------------------------------------------------------------------------------------+--------------------+------+----+-------------+


+------------------------------------------------------------------------------------------------------------------------------------------------------------------------------------+
; Clock Settings Summary                                                                                                                                                             ;
+-----------------+--------------------+----------+------------------+---------------+--------------+----------+-----------------------+---------------------+--------+--------------+
; Clock Node Name ; Clock Setting Name ; Type     ; Fmax Requirement ; Early Latency ; Late Latency ; Based on ; Multiply Base Fmax by ; Divide Base Fmax by ; Offset ; Phase offset ;
+-----------------+--------------------+----------+------------------+---------------+--------------+----------+-----------------------+---------------------+--------+--------------+
; CLOCK           ;                    ; User Pin ; None             ; 0.000 ns      ; 0.000 ns     ; --       ; N/A                   ; N/A                 ; N/A    ;              ;
+-----------------+--------------------+----------+------------------+---------------+--------------+----------+-----------------------+---------------------+--------+--------------+


Parallel compilation was disabled, but you have multiple processors available. Enable parallel compilation to reduce compilation time.
+-------------------------------------+
; Parallel Compilation                ;
+----------------------------+--------+
; Processors                 ; Number ;
+----------------------------+--------+
; Number detected on machine ; 6      ;
; Maximum allowed            ; 1      ;
+----------------------------+--------+


+--------------------------------------------------------------------------------------------------------------------------------------------------------------------------------+
; Clock Setup: 'CLOCK'                                                                                                                                                           ;
+-------+------------------------------------------------+------+----+------------+----------+-----------------------------+---------------------------+-------------------------+
; Slack ; Actual fmax (period)                           ; From ; To ; From Clock ; To Clock ; Required Setup Relationship ; Required Longest P2P Time ; Actual Longest P2P Time ;
+-------+------------------------------------------------+------+----+------------+----------+-----------------------------+---------------------------+-------------------------+
; N/A   ; Restricted to 420.17 MHz ( period = 2.380 ns ) ; Q1   ; Q1 ; CLOCK      ; CLOCK    ; None                        ; None                      ; 0.407 ns                ;
; N/A   ; Restricted to 420.17 MHz ( period = 2.380 ns ) ; Q0   ; Q0 ; CLOCK      ; CLOCK    ; None                        ; None                      ; 0.407 ns                ;
+-------+------------------------------------------------+------+----+------------+----------+-----------------------------+---------------------------+-------------------------+


+----------------------------------------------------------+
; tsu                                                      ;
+-------+--------------+------------+------+----+----------+
; Slack ; Required tsu ; Actual tsu ; From ; To ; To Clock ;
+-------+--------------+------------+------+----+----------+
; N/A   ; None         ; -0.580 ns  ; X[0] ; Q0 ; CLOCK    ;
; N/A   ; None         ; -0.581 ns  ; X[0] ; Q1 ; CLOCK    ;
; N/A   ; None         ; -0.606 ns  ; X[1] ; Q1 ; CLOCK    ;
; N/A   ; None         ; -0.647 ns  ; X[1] ; Q0 ; CLOCK    ;
+-------+--------------+------------+------+----+----------+


+--------------------------------------------------------------+
; tco                                                          ;
+-------+--------------+------------+------+------+------------+
; Slack ; Required tco ; Actual tco ; From ; To   ; From Clock ;
+-------+--------------+------------+------+------+------------+
; N/A   ; None         ; 8.949 ns   ; Q0   ; Q[0] ; CLOCK      ;
; N/A   ; None         ; 6.586 ns   ; Q1   ; Q[1] ; CLOCK      ;
; N/A   ; None         ; 6.586 ns   ; Q1   ; Z    ; CLOCK      ;
+-------+--------------+------------+------+------+------------+


+----------------------------------------------------------------+
; th                                                             ;
+---------------+-------------+-----------+------+----+----------+
; Minimum Slack ; Required th ; Actual th ; From ; To ; To Clock ;
+---------------+-------------+-----------+------+----+----------+
; N/A           ; None        ; 0.877 ns  ; X[1] ; Q0 ; CLOCK    ;
; N/A           ; None        ; 0.836 ns  ; X[1] ; Q1 ; CLOCK    ;
; N/A           ; None        ; 0.811 ns  ; X[0] ; Q1 ; CLOCK    ;
; N/A           ; None        ; 0.810 ns  ; X[0] ; Q0 ; CLOCK    ;
+---------------+-------------+-----------+------+----+----------+


+--------------------------+
; Timing Analyzer Messages ;
+--------------------------+
Info: *******************************************************************
Info: Running Quartus II Classic Timing Analyzer
    Info: Version 9.1 Build 350 03/24/2010 Service Pack 2 SJ Web Edition
    Info: Processing started: Wed Sep 25 20:18:09 2013
Info: Command: quartus_tan --read_settings_files=off --write_settings_files=off lab5 -c lab4 --timing_analysis_only
Warning: Found pins functioning as undefined clocks and/or memory enables
    Info: Assuming node "CLOCK" is an undefined clock
Info: Clock "CLOCK" Internal fmax is restricted to 420.17 MHz between source register "Q1" and destination register "Q1"
    Info: fmax restricted to clock pin edge rate 2.38 ns. Expand message to see actual delay path.
        Info: + Longest register to register delay is 0.407 ns
            Info: 1: + IC(0.000 ns) + CELL(0.000 ns) = 0.000 ns; Loc. = LCFF_X31_Y35_N25; Fanout = 3; REG Node = 'Q1'
            Info: 2: + IC(0.000 ns) + CELL(0.323 ns) = 0.323 ns; Loc. = LCCOMB_X31_Y35_N24; Fanout = 1; COMB Node = 'inst9~0'
            Info: 3: + IC(0.000 ns) + CELL(0.084 ns) = 0.407 ns; Loc. = LCFF_X31_Y35_N25; Fanout = 3; REG Node = 'Q1'
            Info: Total cell delay = 0.407 ns ( 100.00 % )
        Info: - Smallest clock skew is 0.000 ns
            Info: + Shortest clock path from clock "CLOCK" to destination register is 2.698 ns
                Info: 1: + IC(0.000 ns) + CELL(0.999 ns) = 0.999 ns; Loc. = PIN_P2; Fanout = 1; CLK Node = 'CLOCK'
                Info: 2: + IC(0.118 ns) + CELL(0.000 ns) = 1.117 ns; Loc. = CLKCTRL_G3; Fanout = 2; COMB Node = 'CLOCK~clkctrl'
                Info: 3: + IC(1.044 ns) + CELL(0.537 ns) = 2.698 ns; Loc. = LCFF_X31_Y35_N25; Fanout = 3; REG Node = 'Q1'
                Info: Total cell delay = 1.536 ns ( 56.93 % )
                Info: Total interconnect delay = 1.162 ns ( 43.07 % )
            Info: - Longest clock path from clock "CLOCK" to source register is 2.698 ns
                Info: 1: + IC(0.000 ns) + CELL(0.999 ns) = 0.999 ns; Loc. = PIN_P2; Fanout = 1; CLK Node = 'CLOCK'
                Info: 2: + IC(0.118 ns) + CELL(0.000 ns) = 1.117 ns; Loc. = CLKCTRL_G3; Fanout = 2; COMB Node = 'CLOCK~clkctrl'
                Info: 3: + IC(1.044 ns) + CELL(0.537 ns) = 2.698 ns; Loc. = LCFF_X31_Y35_N25; Fanout = 3; REG Node = 'Q1'
                Info: Total cell delay = 1.536 ns ( 56.93 % )
                Info: Total interconnect delay = 1.162 ns ( 43.07 % )
        Info: + Micro clock to output delay of source is 0.250 ns
        Info: + Micro setup delay of destination is -0.036 ns
Info: tsu for register "Q0" (data pin = "X[0]", clock pin = "CLOCK") is -0.580 ns
    Info: + Longest pin to register delay is 2.154 ns
        Info: 1: + IC(0.000 ns) + CELL(0.979 ns) = 0.979 ns; Loc. = PIN_D13; Fanout = 2; PIN Node = 'X[0]'
        Info: 2: + IC(0.653 ns) + CELL(0.438 ns) = 2.070 ns; Loc. = LCCOMB_X31_Y35_N26; Fanout = 1; COMB Node = 'inst10~0'
        Info: 3: + IC(0.000 ns) + CELL(0.084 ns) = 2.154 ns; Loc. = LCFF_X31_Y35_N27; Fanout = 2; REG Node = 'Q0'
        Info: Total cell delay = 1.501 ns ( 69.68 % )
        Info: Total interconnect delay = 0.653 ns ( 30.32 % )
    Info: + Micro setup delay of destination is -0.036 ns
    Info: - Shortest clock path from clock "CLOCK" to destination register is 2.698 ns
        Info: 1: + IC(0.000 ns) + CELL(0.999 ns) = 0.999 ns; Loc. = PIN_P2; Fanout = 1; CLK Node = 'CLOCK'
        Info: 2: + IC(0.118 ns) + CELL(0.000 ns) = 1.117 ns; Loc. = CLKCTRL_G3; Fanout = 2; COMB Node = 'CLOCK~clkctrl'
        Info: 3: + IC(1.044 ns) + CELL(0.537 ns) = 2.698 ns; Loc. = LCFF_X31_Y35_N27; Fanout = 2; REG Node = 'Q0'
        Info: Total cell delay = 1.536 ns ( 56.93 % )
        Info: Total interconnect delay = 1.162 ns ( 43.07 % )
Info: tco from clock "CLOCK" to destination pin "Q[0]" through register "Q0" is 8.949 ns
    Info: + Longest clock path from clock "CLOCK" to source register is 2.698 ns
        Info: 1: + IC(0.000 ns) + CELL(0.999 ns) = 0.999 ns; Loc. = PIN_P2; Fanout = 1; CLK Node = 'CLOCK'
        Info: 2: + IC(0.118 ns) + CELL(0.000 ns) = 1.117 ns; Loc. = CLKCTRL_G3; Fanout = 2; COMB Node = 'CLOCK~clkctrl'
        Info: 3: + IC(1.044 ns) + CELL(0.537 ns) = 2.698 ns; Loc. = LCFF_X31_Y35_N27; Fanout = 2; REG Node = 'Q0'
        Info: Total cell delay = 1.536 ns ( 56.93 % )
        Info: Total interconnect delay = 1.162 ns ( 43.07 % )
    Info: + Micro clock to output delay of source is 0.250 ns
    Info: + Longest register to pin delay is 6.001 ns
        Info: 1: + IC(0.000 ns) + CELL(0.000 ns) = 0.000 ns; Loc. = LCFF_X31_Y35_N27; Fanout = 2; REG Node = 'Q0'
        Info: 2: + IC(3.203 ns) + CELL(2.798 ns) = 6.001 ns; Loc. = PIN_AD12; Fanout = 0; PIN Node = 'Q[0]'
        Info: Total cell delay = 2.798 ns ( 46.63 % )
        Info: Total interconnect delay = 3.203 ns ( 53.37 % )
Info: th for register "Q0" (data pin = "X[1]", clock pin = "CLOCK") is 0.877 ns
    Info: + Longest clock path from clock "CLOCK" to destination register is 2.698 ns
        Info: 1: + IC(0.000 ns) + CELL(0.999 ns) = 0.999 ns; Loc. = PIN_P2; Fanout = 1; CLK Node = 'CLOCK'
        Info: 2: + IC(0.118 ns) + CELL(0.000 ns) = 1.117 ns; Loc. = CLKCTRL_G3; Fanout = 2; COMB Node = 'CLOCK~clkctrl'
        Info: 3: + IC(1.044 ns) + CELL(0.537 ns) = 2.698 ns; Loc. = LCFF_X31_Y35_N27; Fanout = 2; REG Node = 'Q0'
        Info: Total cell delay = 1.536 ns ( 56.93 % )
        Info: Total interconnect delay = 1.162 ns ( 43.07 % )
    Info: + Micro hold delay of destination is 0.266 ns
    Info: - Shortest pin to register delay is 2.087 ns
        Info: 1: + IC(0.000 ns) + CELL(0.979 ns) = 0.979 ns; Loc. = PIN_C13; Fanout = 2; PIN Node = 'X[1]'
        Info: 2: + IC(0.646 ns) + CELL(0.378 ns) = 2.003 ns; Loc. = LCCOMB_X31_Y35_N26; Fanout = 1; COMB Node = 'inst10~0'
        Info: 3: + IC(0.000 ns) + CELL(0.084 ns) = 2.087 ns; Loc. = LCFF_X31_Y35_N27; Fanout = 2; REG Node = 'Q0'
        Info: Total cell delay = 1.441 ns ( 69.05 % )
        Info: Total interconnect delay = 0.646 ns ( 30.95 % )
Info: Quartus II Classic Timing Analyzer was successful. 0 errors, 1 warning
    Info: Peak virtual memory: 177 megabytes
    Info: Processing ended: Wed Sep 25 20:18:09 2013
    Info: Elapsed time: 00:00:00
    Info: Total CPU time (on all processors): 00:00:00


