Simulator report for SM_VHDL
Wed Sep 25 22:09:16 2013
Quartus II Version 9.1 Build 350 03/24/2010 Service Pack 2 SJ Web Edition


---------------------
; Table of Contents ;
---------------------
  1. Legal Notice
  2. Simulator Summary
  3. Simulator Settings
  4. Simulation Waveforms
  5. Coverage Summary
  6. Complete 1/0-Value Coverage
  7. Missing 1-Value Coverage
  8. Missing 0-Value Coverage
  9. Simulator INI Usage
 10. Simulator Messages



----------------
; Legal Notice ;
----------------
Copyright (C) 1991-2010 Altera Corporation
Your use of Altera Corporation's design tools, logic functions 
and other software and tools, and its AMPP partner logic 
functions, and any output files from any of the foregoing 
(including device programming or simulation files), and any 
associated documentation or information are expressly subject 
to the terms and conditions of the Altera Program License 
Subscription Agreement, Altera MegaCore Function License 
Agreement, or other applicable license agreement, including, 
without limitation, that your use is for the sole purpose of 
programming logic devices manufactured by Altera and sold by 
Altera or its authorized distributors.  Please refer to the 
applicable agreement for further details.



+--------------------------------------------+
; Simulator Summary                          ;
+-----------------------------+--------------+
; Type                        ; Value        ;
+-----------------------------+--------------+
; Simulation Start Time       ; 0 ps         ;
; Simulation End Time         ; 520.0 ns     ;
; Simulation Netlist Size     ; 110 nodes    ;
; Simulation Coverage         ;      77.27 % ;
; Total Number of Transitions ; 642          ;
; Simulation Breakpoints      ; 0            ;
; Family                      ; Cyclone II   ;
+-----------------------------+--------------+


+------------------------------------------------------------------------------------------------------------------------------+
; Simulator Settings                                                                                                           ;
+--------------------------------------------------------------------------------------------+-----------------+---------------+
; Option                                                                                     ; Setting         ; Default Value ;
+--------------------------------------------------------------------------------------------+-----------------+---------------+
; Simulation mode                                                                            ; Functional      ; Timing        ;
; Start time                                                                                 ; 0 ns            ; 0 ns          ;
; Simulation results format                                                                  ; CVWF            ;               ;
; Vector input source                                                                        ; vectorL10IN.tbl ;               ;
; Add pins automatically to simulation output waveforms                                      ; On              ; On            ;
; Check outputs                                                                              ; Off             ; Off           ;
; Report simulation coverage                                                                 ; On              ; On            ;
; Display complete 1/0 value coverage report                                                 ; On              ; On            ;
; Display missing 1-value coverage report                                                    ; On              ; On            ;
; Display missing 0-value coverage report                                                    ; On              ; On            ;
; Detect setup and hold time violations                                                      ; Off             ; Off           ;
; Detect glitches                                                                            ; Off             ; Off           ;
; Disable timing delays in Timing Simulation                                                 ; Off             ; Off           ;
; Generate Signal Activity File                                                              ; Off             ; Off           ;
; Generate VCD File for PowerPlay Power Analyzer                                             ; Off             ; Off           ;
; Group bus channels in simulation results                                                   ; Off             ; Off           ;
; Preserve fewer signal transitions to reduce memory requirements                            ; On              ; On            ;
; Trigger vector comparison with the specified mode                                          ; INPUT_EDGE      ; INPUT_EDGE    ;
; Disable setup and hold time violations detection in input registers of bi-directional pins ; Off             ; Off           ;
; Overwrite Waveform Inputs With Simulation Outputs                                          ; On              ;               ;
; Perform Glitch Filtering in Timing Simulation                                              ; Auto            ; Auto          ;
+--------------------------------------------------------------------------------------------+-----------------+---------------+


+----------------------+
; Simulation Waveforms ;
+----------------------+
Waveform report data cannot be output to ASCII.
Please use Quartus II to view the waveform report data.


+--------------------------------------------------------------------+
; Coverage Summary                                                   ;
+-----------------------------------------------------+--------------+
; Type                                                ; Value        ;
+-----------------------------------------------------+--------------+
; Total coverage as a percentage                      ;      77.27 % ;
; Total nodes checked                                 ; 110          ;
; Total output ports checked                          ; 110          ;
; Total output ports with complete 1/0-value coverage ; 85           ;
; Total output ports with no 1/0-value coverage       ; 22           ;
; Total output ports with no 1-value coverage         ; 24           ;
; Total output ports with no 0-value coverage         ; 23           ;
+-----------------------------------------------------+--------------+


The following table displays output ports that toggle between 1 and 0 during simulation.
+--------------------------------------------------------------------------------------------------------------------------------------------------+
; Complete 1/0-Value Coverage                                                                                                                      ;
+---------------------------------------------------------------+---------------------------------------------------------------+------------------+
; Node Name                                                     ; Output Port Name                                              ; Output Port Type ;
+---------------------------------------------------------------+---------------------------------------------------------------+------------------+
; |SM_VHDL|state.A                                              ; |SM_VHDL|state.A                                              ; regout           ;
; |SM_VHDL|state.B                                              ; |SM_VHDL|state.B                                              ; regout           ;
; |SM_VHDL|state.C                                              ; |SM_VHDL|state.C                                              ; regout           ;
; |SM_VHDL|Q~0                                                  ; |SM_VHDL|Q~0                                                  ; out              ;
; |SM_VHDL|Q~1                                                  ; |SM_VHDL|Q~1                                                  ; out              ;
; |SM_VHDL|X[0]                                                 ; |SM_VHDL|X[0]                                                 ; out              ;
; |SM_VHDL|X[1]                                                 ; |SM_VHDL|X[1]                                                 ; out              ;
; |SM_VHDL|CLOCK                                                ; |SM_VHDL|CLOCK                                                ; out              ;
; |SM_VHDL|Z                                                    ; |SM_VHDL|Z                                                    ; pin_out          ;
; |SM_VHDL|Q[0]                                                 ; |SM_VHDL|Q[0]                                                 ; pin_out          ;
; |SM_VHDL|Q[1]                                                 ; |SM_VHDL|Q[1]                                                 ; pin_out          ;
; |SM_VHDL|state~0                                              ; |SM_VHDL|state~0                                              ; out0             ;
; |SM_VHDL|state.A~0                                            ; |SM_VHDL|state.A~0                                            ; out0             ;
; |SM_VHDL|Selector0~0                                          ; |SM_VHDL|Selector0~0                                          ; out0             ;
; |SM_VHDL|state.B~0                                            ; |SM_VHDL|state.B~0                                            ; out0             ;
; |SM_VHDL|Selector0~1                                          ; |SM_VHDL|Selector0~1                                          ; out0             ;
; |SM_VHDL|state.C~0                                            ; |SM_VHDL|state.C~0                                            ; out0             ;
; |SM_VHDL|Selector0~2                                          ; |SM_VHDL|Selector0~2                                          ; out0             ;
; |SM_VHDL|state~5                                              ; |SM_VHDL|state~5                                              ; out0             ;
; |SM_VHDL|Selector0~3                                          ; |SM_VHDL|Selector0~3                                          ; out              ;
; |SM_VHDL|Selector0~4                                          ; |SM_VHDL|Selector0~4                                          ; out              ;
; |SM_VHDL|Selector1~0                                          ; |SM_VHDL|Selector1~0                                          ; out              ;
; |SM_VHDL|Selector2~0                                          ; |SM_VHDL|Selector2~0                                          ; out              ;
; |SM_VHDL|lpm_mux:Mux3|mux_umc:auto_generated|_~0              ; |SM_VHDL|lpm_mux:Mux3|mux_umc:auto_generated|_~0              ; out0             ;
; |SM_VHDL|lpm_mux:Mux3|mux_umc:auto_generated|_~1              ; |SM_VHDL|lpm_mux:Mux3|mux_umc:auto_generated|_~1              ; out0             ;
; |SM_VHDL|lpm_mux:Mux3|mux_umc:auto_generated|_~3              ; |SM_VHDL|lpm_mux:Mux3|mux_umc:auto_generated|_~3              ; out0             ;
; |SM_VHDL|lpm_mux:Mux3|mux_umc:auto_generated|_~5              ; |SM_VHDL|lpm_mux:Mux3|mux_umc:auto_generated|_~5              ; out0             ;
; |SM_VHDL|lpm_mux:Mux3|mux_umc:auto_generated|_~6              ; |SM_VHDL|lpm_mux:Mux3|mux_umc:auto_generated|_~6              ; out0             ;
; |SM_VHDL|lpm_mux:Mux3|mux_umc:auto_generated|_~7              ; |SM_VHDL|lpm_mux:Mux3|mux_umc:auto_generated|_~7              ; out0             ;
; |SM_VHDL|lpm_mux:Mux3|mux_umc:auto_generated|_~8              ; |SM_VHDL|lpm_mux:Mux3|mux_umc:auto_generated|_~8              ; out0             ;
; |SM_VHDL|lpm_mux:Mux3|mux_umc:auto_generated|result_node[0]~0 ; |SM_VHDL|lpm_mux:Mux3|mux_umc:auto_generated|result_node[0]~0 ; out0             ;
; |SM_VHDL|lpm_mux:Mux3|mux_umc:auto_generated|_~9              ; |SM_VHDL|lpm_mux:Mux3|mux_umc:auto_generated|_~9              ; out0             ;
; |SM_VHDL|lpm_mux:Mux3|mux_umc:auto_generated|_~11             ; |SM_VHDL|lpm_mux:Mux3|mux_umc:auto_generated|_~11             ; out0             ;
; |SM_VHDL|lpm_mux:Mux3|mux_umc:auto_generated|_~13             ; |SM_VHDL|lpm_mux:Mux3|mux_umc:auto_generated|_~13             ; out0             ;
; |SM_VHDL|lpm_mux:Mux3|mux_umc:auto_generated|_~14             ; |SM_VHDL|lpm_mux:Mux3|mux_umc:auto_generated|_~14             ; out0             ;
; |SM_VHDL|lpm_mux:Mux3|mux_umc:auto_generated|_~15             ; |SM_VHDL|lpm_mux:Mux3|mux_umc:auto_generated|_~15             ; out0             ;
; |SM_VHDL|lpm_mux:Mux3|mux_umc:auto_generated|_~16             ; |SM_VHDL|lpm_mux:Mux3|mux_umc:auto_generated|_~16             ; out0             ;
; |SM_VHDL|lpm_mux:Mux3|mux_umc:auto_generated|_~17             ; |SM_VHDL|lpm_mux:Mux3|mux_umc:auto_generated|_~17             ; out0             ;
; |SM_VHDL|lpm_mux:Mux3|mux_umc:auto_generated|result_node[0]   ; |SM_VHDL|lpm_mux:Mux3|mux_umc:auto_generated|result_node[0]   ; out0             ;
; |SM_VHDL|lpm_mux:Mux2|mux_umc:auto_generated|_~1              ; |SM_VHDL|lpm_mux:Mux2|mux_umc:auto_generated|_~1              ; out0             ;
; |SM_VHDL|lpm_mux:Mux2|mux_umc:auto_generated|_~3              ; |SM_VHDL|lpm_mux:Mux2|mux_umc:auto_generated|_~3              ; out0             ;
; |SM_VHDL|lpm_mux:Mux2|mux_umc:auto_generated|_~5              ; |SM_VHDL|lpm_mux:Mux2|mux_umc:auto_generated|_~5              ; out0             ;
; |SM_VHDL|lpm_mux:Mux2|mux_umc:auto_generated|_~6              ; |SM_VHDL|lpm_mux:Mux2|mux_umc:auto_generated|_~6              ; out0             ;
; |SM_VHDL|lpm_mux:Mux2|mux_umc:auto_generated|_~7              ; |SM_VHDL|lpm_mux:Mux2|mux_umc:auto_generated|_~7              ; out0             ;
; |SM_VHDL|lpm_mux:Mux2|mux_umc:auto_generated|_~8              ; |SM_VHDL|lpm_mux:Mux2|mux_umc:auto_generated|_~8              ; out0             ;
; |SM_VHDL|lpm_mux:Mux2|mux_umc:auto_generated|_~9              ; |SM_VHDL|lpm_mux:Mux2|mux_umc:auto_generated|_~9              ; out0             ;
; |SM_VHDL|lpm_mux:Mux2|mux_umc:auto_generated|_~11             ; |SM_VHDL|lpm_mux:Mux2|mux_umc:auto_generated|_~11             ; out0             ;
; |SM_VHDL|lpm_mux:Mux2|mux_umc:auto_generated|_~13             ; |SM_VHDL|lpm_mux:Mux2|mux_umc:auto_generated|_~13             ; out0             ;
; |SM_VHDL|lpm_mux:Mux2|mux_umc:auto_generated|_~14             ; |SM_VHDL|lpm_mux:Mux2|mux_umc:auto_generated|_~14             ; out0             ;
; |SM_VHDL|lpm_mux:Mux2|mux_umc:auto_generated|_~15             ; |SM_VHDL|lpm_mux:Mux2|mux_umc:auto_generated|_~15             ; out0             ;
; |SM_VHDL|lpm_mux:Mux2|mux_umc:auto_generated|_~16             ; |SM_VHDL|lpm_mux:Mux2|mux_umc:auto_generated|_~16             ; out0             ;
; |SM_VHDL|lpm_mux:Mux2|mux_umc:auto_generated|result_node[0]~1 ; |SM_VHDL|lpm_mux:Mux2|mux_umc:auto_generated|result_node[0]~1 ; out0             ;
; |SM_VHDL|lpm_mux:Mux2|mux_umc:auto_generated|result_node[0]   ; |SM_VHDL|lpm_mux:Mux2|mux_umc:auto_generated|result_node[0]   ; out0             ;
; |SM_VHDL|lpm_mux:Mux1|mux_umc:auto_generated|_~1              ; |SM_VHDL|lpm_mux:Mux1|mux_umc:auto_generated|_~1              ; out0             ;
; |SM_VHDL|lpm_mux:Mux1|mux_umc:auto_generated|_~3              ; |SM_VHDL|lpm_mux:Mux1|mux_umc:auto_generated|_~3              ; out0             ;
; |SM_VHDL|lpm_mux:Mux1|mux_umc:auto_generated|_~6              ; |SM_VHDL|lpm_mux:Mux1|mux_umc:auto_generated|_~6              ; out0             ;
; |SM_VHDL|lpm_mux:Mux1|mux_umc:auto_generated|_~7              ; |SM_VHDL|lpm_mux:Mux1|mux_umc:auto_generated|_~7              ; out0             ;
; |SM_VHDL|lpm_mux:Mux1|mux_umc:auto_generated|_~8              ; |SM_VHDL|lpm_mux:Mux1|mux_umc:auto_generated|_~8              ; out0             ;
; |SM_VHDL|lpm_mux:Mux1|mux_umc:auto_generated|_~9              ; |SM_VHDL|lpm_mux:Mux1|mux_umc:auto_generated|_~9              ; out0             ;
; |SM_VHDL|lpm_mux:Mux1|mux_umc:auto_generated|_~11             ; |SM_VHDL|lpm_mux:Mux1|mux_umc:auto_generated|_~11             ; out0             ;
; |SM_VHDL|lpm_mux:Mux1|mux_umc:auto_generated|_~14             ; |SM_VHDL|lpm_mux:Mux1|mux_umc:auto_generated|_~14             ; out0             ;
; |SM_VHDL|lpm_mux:Mux1|mux_umc:auto_generated|_~15             ; |SM_VHDL|lpm_mux:Mux1|mux_umc:auto_generated|_~15             ; out0             ;
; |SM_VHDL|lpm_mux:Mux1|mux_umc:auto_generated|_~16             ; |SM_VHDL|lpm_mux:Mux1|mux_umc:auto_generated|_~16             ; out0             ;
; |SM_VHDL|lpm_mux:Mux1|mux_umc:auto_generated|_~17             ; |SM_VHDL|lpm_mux:Mux1|mux_umc:auto_generated|_~17             ; out0             ;
; |SM_VHDL|lpm_mux:Mux1|mux_umc:auto_generated|result_node[0]~1 ; |SM_VHDL|lpm_mux:Mux1|mux_umc:auto_generated|result_node[0]~1 ; out0             ;
; |SM_VHDL|lpm_mux:Mux1|mux_umc:auto_generated|result_node[0]   ; |SM_VHDL|lpm_mux:Mux1|mux_umc:auto_generated|result_node[0]   ; out0             ;
; |SM_VHDL|lpm_mux:Mux0|mux_umc:auto_generated|_~1              ; |SM_VHDL|lpm_mux:Mux0|mux_umc:auto_generated|_~1              ; out0             ;
; |SM_VHDL|lpm_mux:Mux0|mux_umc:auto_generated|_~2              ; |SM_VHDL|lpm_mux:Mux0|mux_umc:auto_generated|_~2              ; out0             ;
; |SM_VHDL|lpm_mux:Mux0|mux_umc:auto_generated|_~3              ; |SM_VHDL|lpm_mux:Mux0|mux_umc:auto_generated|_~3              ; out0             ;
; |SM_VHDL|lpm_mux:Mux0|mux_umc:auto_generated|_~4              ; |SM_VHDL|lpm_mux:Mux0|mux_umc:auto_generated|_~4              ; out0             ;
; |SM_VHDL|lpm_mux:Mux0|mux_umc:auto_generated|_~5              ; |SM_VHDL|lpm_mux:Mux0|mux_umc:auto_generated|_~5              ; out0             ;
; |SM_VHDL|lpm_mux:Mux0|mux_umc:auto_generated|_~6              ; |SM_VHDL|lpm_mux:Mux0|mux_umc:auto_generated|_~6              ; out0             ;
; |SM_VHDL|lpm_mux:Mux0|mux_umc:auto_generated|_~7              ; |SM_VHDL|lpm_mux:Mux0|mux_umc:auto_generated|_~7              ; out0             ;
; |SM_VHDL|lpm_mux:Mux0|mux_umc:auto_generated|_~8              ; |SM_VHDL|lpm_mux:Mux0|mux_umc:auto_generated|_~8              ; out0             ;
; |SM_VHDL|lpm_mux:Mux0|mux_umc:auto_generated|_~9              ; |SM_VHDL|lpm_mux:Mux0|mux_umc:auto_generated|_~9              ; out0             ;
; |SM_VHDL|lpm_mux:Mux0|mux_umc:auto_generated|_~10             ; |SM_VHDL|lpm_mux:Mux0|mux_umc:auto_generated|_~10             ; out0             ;
; |SM_VHDL|lpm_mux:Mux0|mux_umc:auto_generated|_~11             ; |SM_VHDL|lpm_mux:Mux0|mux_umc:auto_generated|_~11             ; out0             ;
; |SM_VHDL|lpm_mux:Mux0|mux_umc:auto_generated|_~12             ; |SM_VHDL|lpm_mux:Mux0|mux_umc:auto_generated|_~12             ; out0             ;
; |SM_VHDL|lpm_mux:Mux0|mux_umc:auto_generated|_~13             ; |SM_VHDL|lpm_mux:Mux0|mux_umc:auto_generated|_~13             ; out0             ;
; |SM_VHDL|lpm_mux:Mux0|mux_umc:auto_generated|_~14             ; |SM_VHDL|lpm_mux:Mux0|mux_umc:auto_generated|_~14             ; out0             ;
; |SM_VHDL|lpm_mux:Mux0|mux_umc:auto_generated|_~15             ; |SM_VHDL|lpm_mux:Mux0|mux_umc:auto_generated|_~15             ; out0             ;
; |SM_VHDL|lpm_mux:Mux0|mux_umc:auto_generated|_~16             ; |SM_VHDL|lpm_mux:Mux0|mux_umc:auto_generated|_~16             ; out0             ;
; |SM_VHDL|lpm_mux:Mux0|mux_umc:auto_generated|_~17             ; |SM_VHDL|lpm_mux:Mux0|mux_umc:auto_generated|_~17             ; out0             ;
; |SM_VHDL|lpm_mux:Mux0|mux_umc:auto_generated|result_node[0]~1 ; |SM_VHDL|lpm_mux:Mux0|mux_umc:auto_generated|result_node[0]~1 ; out0             ;
; |SM_VHDL|lpm_mux:Mux0|mux_umc:auto_generated|result_node[0]   ; |SM_VHDL|lpm_mux:Mux0|mux_umc:auto_generated|result_node[0]   ; out0             ;
+---------------------------------------------------------------+---------------------------------------------------------------+------------------+


The following table displays output ports that do not toggle to 1 during simulation.
+--------------------------------------------------------------------------------------------------------------------------------------------------+
; Missing 1-Value Coverage                                                                                                                         ;
+---------------------------------------------------------------+---------------------------------------------------------------+------------------+
; Node Name                                                     ; Output Port Name                                              ; Output Port Type ;
+---------------------------------------------------------------+---------------------------------------------------------------+------------------+
; |SM_VHDL|state~1                                              ; |SM_VHDL|state~1                                              ; out0             ;
; |SM_VHDL|state~9                                              ; |SM_VHDL|state~9                                              ; out0             ;
; |SM_VHDL|lpm_mux:Mux3|mux_umc:auto_generated|_~2              ; |SM_VHDL|lpm_mux:Mux3|mux_umc:auto_generated|_~2              ; out0             ;
; |SM_VHDL|lpm_mux:Mux3|mux_umc:auto_generated|_~4              ; |SM_VHDL|lpm_mux:Mux3|mux_umc:auto_generated|_~4              ; out0             ;
; |SM_VHDL|lpm_mux:Mux3|mux_umc:auto_generated|_~10             ; |SM_VHDL|lpm_mux:Mux3|mux_umc:auto_generated|_~10             ; out0             ;
; |SM_VHDL|lpm_mux:Mux3|mux_umc:auto_generated|_~12             ; |SM_VHDL|lpm_mux:Mux3|mux_umc:auto_generated|_~12             ; out0             ;
; |SM_VHDL|lpm_mux:Mux3|mux_umc:auto_generated|result_node[0]~1 ; |SM_VHDL|lpm_mux:Mux3|mux_umc:auto_generated|result_node[0]~1 ; out0             ;
; |SM_VHDL|lpm_mux:Mux2|mux_umc:auto_generated|_~0              ; |SM_VHDL|lpm_mux:Mux2|mux_umc:auto_generated|_~0              ; out0             ;
; |SM_VHDL|lpm_mux:Mux2|mux_umc:auto_generated|_~2              ; |SM_VHDL|lpm_mux:Mux2|mux_umc:auto_generated|_~2              ; out0             ;
; |SM_VHDL|lpm_mux:Mux2|mux_umc:auto_generated|_~4              ; |SM_VHDL|lpm_mux:Mux2|mux_umc:auto_generated|_~4              ; out0             ;
; |SM_VHDL|lpm_mux:Mux2|mux_umc:auto_generated|result_node[0]~0 ; |SM_VHDL|lpm_mux:Mux2|mux_umc:auto_generated|result_node[0]~0 ; out0             ;
; |SM_VHDL|lpm_mux:Mux2|mux_umc:auto_generated|_~10             ; |SM_VHDL|lpm_mux:Mux2|mux_umc:auto_generated|_~10             ; out0             ;
; |SM_VHDL|lpm_mux:Mux2|mux_umc:auto_generated|_~12             ; |SM_VHDL|lpm_mux:Mux2|mux_umc:auto_generated|_~12             ; out0             ;
; |SM_VHDL|lpm_mux:Mux2|mux_umc:auto_generated|_~17             ; |SM_VHDL|lpm_mux:Mux2|mux_umc:auto_generated|_~17             ; out0             ;
; |SM_VHDL|lpm_mux:Mux1|mux_umc:auto_generated|_~0              ; |SM_VHDL|lpm_mux:Mux1|mux_umc:auto_generated|_~0              ; out0             ;
; |SM_VHDL|lpm_mux:Mux1|mux_umc:auto_generated|_~2              ; |SM_VHDL|lpm_mux:Mux1|mux_umc:auto_generated|_~2              ; out0             ;
; |SM_VHDL|lpm_mux:Mux1|mux_umc:auto_generated|_~4              ; |SM_VHDL|lpm_mux:Mux1|mux_umc:auto_generated|_~4              ; out0             ;
; |SM_VHDL|lpm_mux:Mux1|mux_umc:auto_generated|_~5              ; |SM_VHDL|lpm_mux:Mux1|mux_umc:auto_generated|_~5              ; out0             ;
; |SM_VHDL|lpm_mux:Mux1|mux_umc:auto_generated|result_node[0]~0 ; |SM_VHDL|lpm_mux:Mux1|mux_umc:auto_generated|result_node[0]~0 ; out0             ;
; |SM_VHDL|lpm_mux:Mux1|mux_umc:auto_generated|_~10             ; |SM_VHDL|lpm_mux:Mux1|mux_umc:auto_generated|_~10             ; out0             ;
; |SM_VHDL|lpm_mux:Mux1|mux_umc:auto_generated|_~12             ; |SM_VHDL|lpm_mux:Mux1|mux_umc:auto_generated|_~12             ; out0             ;
; |SM_VHDL|lpm_mux:Mux1|mux_umc:auto_generated|_~13             ; |SM_VHDL|lpm_mux:Mux1|mux_umc:auto_generated|_~13             ; out0             ;
; |SM_VHDL|lpm_mux:Mux0|mux_umc:auto_generated|_~0              ; |SM_VHDL|lpm_mux:Mux0|mux_umc:auto_generated|_~0              ; out0             ;
; |SM_VHDL|lpm_mux:Mux0|mux_umc:auto_generated|result_node[0]~0 ; |SM_VHDL|lpm_mux:Mux0|mux_umc:auto_generated|result_node[0]~0 ; out0             ;
+---------------------------------------------------------------+---------------------------------------------------------------+------------------+


The following table displays output ports that do not toggle to 0 during simulation.
+--------------------------------------------------------------------------------------------------------------------------------------------------+
; Missing 0-Value Coverage                                                                                                                         ;
+---------------------------------------------------------------+---------------------------------------------------------------+------------------+
; Node Name                                                     ; Output Port Name                                              ; Output Port Type ;
+---------------------------------------------------------------+---------------------------------------------------------------+------------------+
; |SM_VHDL|RESETN                                               ; |SM_VHDL|RESETN                                               ; out              ;
; |SM_VHDL|lpm_mux:Mux3|mux_umc:auto_generated|_~2              ; |SM_VHDL|lpm_mux:Mux3|mux_umc:auto_generated|_~2              ; out0             ;
; |SM_VHDL|lpm_mux:Mux3|mux_umc:auto_generated|_~4              ; |SM_VHDL|lpm_mux:Mux3|mux_umc:auto_generated|_~4              ; out0             ;
; |SM_VHDL|lpm_mux:Mux3|mux_umc:auto_generated|_~10             ; |SM_VHDL|lpm_mux:Mux3|mux_umc:auto_generated|_~10             ; out0             ;
; |SM_VHDL|lpm_mux:Mux3|mux_umc:auto_generated|_~12             ; |SM_VHDL|lpm_mux:Mux3|mux_umc:auto_generated|_~12             ; out0             ;
; |SM_VHDL|lpm_mux:Mux3|mux_umc:auto_generated|result_node[0]~1 ; |SM_VHDL|lpm_mux:Mux3|mux_umc:auto_generated|result_node[0]~1 ; out0             ;
; |SM_VHDL|lpm_mux:Mux2|mux_umc:auto_generated|_~0              ; |SM_VHDL|lpm_mux:Mux2|mux_umc:auto_generated|_~0              ; out0             ;
; |SM_VHDL|lpm_mux:Mux2|mux_umc:auto_generated|_~2              ; |SM_VHDL|lpm_mux:Mux2|mux_umc:auto_generated|_~2              ; out0             ;
; |SM_VHDL|lpm_mux:Mux2|mux_umc:auto_generated|_~4              ; |SM_VHDL|lpm_mux:Mux2|mux_umc:auto_generated|_~4              ; out0             ;
; |SM_VHDL|lpm_mux:Mux2|mux_umc:auto_generated|result_node[0]~0 ; |SM_VHDL|lpm_mux:Mux2|mux_umc:auto_generated|result_node[0]~0 ; out0             ;
; |SM_VHDL|lpm_mux:Mux2|mux_umc:auto_generated|_~10             ; |SM_VHDL|lpm_mux:Mux2|mux_umc:auto_generated|_~10             ; out0             ;
; |SM_VHDL|lpm_mux:Mux2|mux_umc:auto_generated|_~12             ; |SM_VHDL|lpm_mux:Mux2|mux_umc:auto_generated|_~12             ; out0             ;
; |SM_VHDL|lpm_mux:Mux2|mux_umc:auto_generated|_~17             ; |SM_VHDL|lpm_mux:Mux2|mux_umc:auto_generated|_~17             ; out0             ;
; |SM_VHDL|lpm_mux:Mux1|mux_umc:auto_generated|_~0              ; |SM_VHDL|lpm_mux:Mux1|mux_umc:auto_generated|_~0              ; out0             ;
; |SM_VHDL|lpm_mux:Mux1|mux_umc:auto_generated|_~2              ; |SM_VHDL|lpm_mux:Mux1|mux_umc:auto_generated|_~2              ; out0             ;
; |SM_VHDL|lpm_mux:Mux1|mux_umc:auto_generated|_~4              ; |SM_VHDL|lpm_mux:Mux1|mux_umc:auto_generated|_~4              ; out0             ;
; |SM_VHDL|lpm_mux:Mux1|mux_umc:auto_generated|_~5              ; |SM_VHDL|lpm_mux:Mux1|mux_umc:auto_generated|_~5              ; out0             ;
; |SM_VHDL|lpm_mux:Mux1|mux_umc:auto_generated|result_node[0]~0 ; |SM_VHDL|lpm_mux:Mux1|mux_umc:auto_generated|result_node[0]~0 ; out0             ;
; |SM_VHDL|lpm_mux:Mux1|mux_umc:auto_generated|_~10             ; |SM_VHDL|lpm_mux:Mux1|mux_umc:auto_generated|_~10             ; out0             ;
; |SM_VHDL|lpm_mux:Mux1|mux_umc:auto_generated|_~12             ; |SM_VHDL|lpm_mux:Mux1|mux_umc:auto_generated|_~12             ; out0             ;
; |SM_VHDL|lpm_mux:Mux1|mux_umc:auto_generated|_~13             ; |SM_VHDL|lpm_mux:Mux1|mux_umc:auto_generated|_~13             ; out0             ;
; |SM_VHDL|lpm_mux:Mux0|mux_umc:auto_generated|_~0              ; |SM_VHDL|lpm_mux:Mux0|mux_umc:auto_generated|_~0              ; out0             ;
; |SM_VHDL|lpm_mux:Mux0|mux_umc:auto_generated|result_node[0]~0 ; |SM_VHDL|lpm_mux:Mux0|mux_umc:auto_generated|result_node[0]~0 ; out0             ;
+---------------------------------------------------------------+---------------------------------------------------------------+------------------+


+---------------------+
; Simulator INI Usage ;
+--------+------------+
; Option ; Usage      ;
+--------+------------+


+--------------------+
; Simulator Messages ;
+--------------------+
Info: *******************************************************************
Info: Running Quartus II Simulator
    Info: Version 9.1 Build 350 03/24/2010 Service Pack 2 SJ Web Edition
    Info: Processing started: Wed Sep 25 22:09:16 2013
Info: Command: quartus_sim --read_settings_files=on --write_settings_files=off SM_VHDL -c SM_VHDL
Info: Using vector source file "C:/Users/James Liu/Documents/Schoolwork/ECE 2031/lab5/vectorL10IN.tbl"
Info: Overwriting simulation input file with simulation results
    Info: A backup of vectorL10IN.tbl called SM_VHDL.sim_ori.tbl has been created in the db folder
Info: Option to preserve fewer signal transitions to reduce memory requirements is enabled
    Info: Simulation has been partitioned into sub-simulations according to the maximum transition count determined by the engine. Transitions from memory will be flushed out to disk at the end of each sub-simulation to reduce memory requirements.
Info: Simulation partitioned into 1 sub-simulations
Info: Simulation coverage is      77.27 %
Info: Number of transitions in simulation is 642
Info: Quartus II Simulator was successful. 0 errors, 0 warnings
    Info: Peak virtual memory: 151 megabytes
    Info: Processing ended: Wed Sep 25 22:09:16 2013
    Info: Elapsed time: 00:00:00
    Info: Total CPU time (on all processors): 00:00:00


